<?xml version="1.0" encoding="UTF-8"?>
<!-- Generated by org.testng.reporters.JUnitXMLReporter -->
<testsuite ignored="0" hostname="IN-PG02NJP8" failures="1" tests="1" name="Surefire test" time="22.231" errors="0" timestamp="21 Mar 2022 17:39:10 GMT">
  <testcase classname="io.cucumber.testng.AbstractTestNGCucumberTests" name="runScenario" time="21.038">
    <failure type="java.lang.AssertionError" message="expected [true] but found [false]">
      <![CDATA[java.lang.AssertionError: expected [true] but found [false]
	at stepdefinition.AnimationHideStep.i_click_on_number_fourth_number_for_hide_operation(AnimationHideStep.java:81)
	at âœ½.I click on number fourth number for hide operation(file:///D:/ANKIT/eclipse-workspace/Exit_Test/./src/test/java/features/animation_hide.feature:13)
... Removed 4 stack frames]]>
    </failure>
  </testcase> <!-- runScenario -->
</testsuite> <!-- Surefire test -->
