<?xml version="1.0" encoding="UTF-8"?>
<!-- Generated by org.testng.reporters.JUnitXMLReporter -->
<testsuite ignored="0" hostname="IN-PG02NJP8" failures="1" tests="1" name="Default test" time="27.11" errors="0" timestamp="21 Mar 2022 17:43:58 GMT">
  <testcase classname="io.cucumber.testng.AbstractTestNGCucumberTests" name="runScenario" time="26.018">
    <failure type="java.lang.AssertionError" message="expected [true] but found [false]">
      <![CDATA[java.lang.AssertionError: expected [true] but found [false]
	at org.testng.Assert.fail(Assert.java:93)
	at org.testng.Assert.failNotEquals(Assert.java:512)
	at org.testng.Assert.assertTrue(Assert.java:41)
	at org.testng.Assert.assertTrue(Assert.java:51)
	at stepdefinition.AnimationHideStep.i_click_on_number_fourth_number_for_hide_operation(AnimationHideStep.java:81)
	at âœ½.I click on number fourth number for hide operation(file:///D:/ANKIT/eclipse-workspace/Exit_Test/./src/test/java/features/animation_hide.feature:13)
]]>
    </failure>
  </testcase> <!-- runScenario -->
</testsuite> <!-- Default test -->
