<?xml version="1.0" encoding="UTF-8"?>
<testng-results ignored="0" total="1" passed="0" failed="1" skipped="0">
  <reporter-output>
  </reporter-output>
  <suite started-at="2022-03-21T17:38:48Z" name="Surefire suite" finished-at="2022-03-21T17:39:10Z" duration-ms="22231">
    <groups>
      <group name="cucumber">
        <method signature="AbstractTestNGCucumberTests.runScenario(io.cucumber.testng.PickleWrapper, io.cucumber.testng.FeatureWrapper)[pri:0, instance:Runner.TestRunner@5c33f1a9]" name="runScenario" class="io.cucumber.testng.AbstractTestNGCucumberTests"/>
      </group> <!-- cucumber -->
    </groups>
    <test started-at="2022-03-21T17:38:48Z" name="Surefire test" finished-at="2022-03-21T17:39:10Z" duration-ms="22231">
      <class name="Runner.TestRunner">
        <test-method is-config="true" signature="setUpClass()[pri:0, instance:Runner.TestRunner@5c33f1a9]" started-at="2022-03-21T23:08:48Z" name="setUpClass" finished-at="2022-03-21T23:08:48Z" duration-ms="638" status="PASS">
          <reporter-output>
          </reporter-output>
        </test-method> <!-- setUpClass -->
        <test-method signature="runScenario(io.cucumber.testng.PickleWrapper, io.cucumber.testng.FeatureWrapper)[pri:0, instance:Runner.TestRunner@5c33f1a9]" started-at="2022-03-21T23:08:48Z" name="runScenario" description="Runs Cucumber Scenarios" data-provider="scenarios" finished-at="2022-03-21T23:09:09Z" duration-ms="21038" status="FAIL">
          <params>
            <param index="0">
              <value>
                <![CDATA["User performs hide opertion of numbers"]]>
              </value>
            </param>
            <param index="1">
              <value>
                <![CDATA["Optional[hide and show of animation button]"]]>
              </value>
            </param>
          </params>
          <exception class="java.lang.AssertionError">
            <message>
              <![CDATA[expected [true] but found [false]]]>
            </message>
            <full-stacktrace>
              <![CDATA[java.lang.AssertionError: expected [true] but found [false]
	at org.testng.Assert.fail(Assert.java:93)
	at org.testng.Assert.failNotEquals(Assert.java:512)
	at org.testng.Assert.assertTrue(Assert.java:41)
	at org.testng.Assert.assertTrue(Assert.java:51)
	at stepdefinition.AnimationHideStep.i_click_on_number_fourth_number_for_hide_operation(AnimationHideStep.java:81)
	at âœ½.I click on number fourth number for hide operation(file:///D:/ANKIT/eclipse-workspace/Exit_Test/./src/test/java/features/animation_hide.feature:13)
]]>
            </full-stacktrace>
          </exception> <!-- java.lang.AssertionError -->
          <reporter-output>
          </reporter-output>
        </test-method> <!-- runScenario -->
        <test-method is-config="true" signature="tearDownClass()[pri:0, instance:Runner.TestRunner@5c33f1a9]" started-at="2022-03-21T23:09:09Z" name="tearDownClass" finished-at="2022-03-21T23:09:10Z" duration-ms="539" status="PASS">
          <reporter-output>
          </reporter-output>
        </test-method> <!-- tearDownClass -->
      </class> <!-- Runner.TestRunner -->
    </test> <!-- Surefire test -->
  </suite> <!-- Surefire suite -->
</testng-results>
